<?xml version="1.0" encoding="UTF-8"?>
<!-- Generated by org.testng.reporters.JUnitXMLReporter -->
<testsuite ignored="0" hostname="NavinMessi" failures="0" tests="7" name="Default test" time="0.088" errors="0" timestamp="2022-03-14T07:05:50 IST">
  <testcase classname="com.testNG.Grouping_Concept" name="apple" time="0.015"/>
  <testcase classname="com.testNG.Grouping_Concept" name="bike" time="0.002"/>
  <testcase classname="com.testNG.Grouping_Concept" name="car" time="0.001"/>
  <testcase classname="com.testNG.Grouping_Concept" name="carrot" time="0.0"/>
  <testcase classname="com.testNG.Grouping_Concept" name="mango" time="0.0"/>
  <testcase classname="com.testNG.Grouping_Concept" name="onion" time="0.001"/>
  <testcase classname="com.testNG.Grouping_Concept" name="tomato" time="0.002"/>
</testsuite> <!-- Default test -->
