<?xml version="1.0" encoding="UTF-8"?>
<testng-results ignored="0" total="7" passed="7" failed="0" skipped="0">
  <reporter-output>
  </reporter-output>
  <suite started-at="2022-03-14T07:05:50 IST" name="Default suite" finished-at="2022-03-14T07:05:50 IST" duration-ms="88">
    <groups>
      <group name="Vegetables">
        <method signature="Grouping_Concept.carrot()[pri:0, instance:com.testNG.Grouping_Concept@22e357dc]" name="carrot" class="com.testNG.Grouping_Concept"/>
        <method signature="Grouping_Concept.onion()[pri:0, instance:com.testNG.Grouping_Concept@22e357dc]" name="onion" class="com.testNG.Grouping_Concept"/>
        <method signature="Grouping_Concept.tomato()[pri:0, instance:com.testNG.Grouping_Concept@22e357dc]" name="tomato" class="com.testNG.Grouping_Concept"/>
      </group> <!-- Vegetables -->
      <group name="Vehicles">
        <method signature="Grouping_Concept.bike()[pri:0, instance:com.testNG.Grouping_Concept@22e357dc]" name="bike" class="com.testNG.Grouping_Concept"/>
        <method signature="Grouping_Concept.car()[pri:0, instance:com.testNG.Grouping_Concept@22e357dc]" name="car" class="com.testNG.Grouping_Concept"/>
      </group> <!-- Vehicles -->
      <group name="Fruits">
        <method signature="Grouping_Concept.apple()[pri:0, instance:com.testNG.Grouping_Concept@22e357dc]" name="apple" class="com.testNG.Grouping_Concept"/>
        <method signature="Grouping_Concept.mango()[pri:0, instance:com.testNG.Grouping_Concept@22e357dc]" name="mango" class="com.testNG.Grouping_Concept"/>
      </group> <!-- Fruits -->
    </groups>
    <test started-at="2022-03-14T07:05:50 IST" name="Default test" finished-at="2022-03-14T07:05:50 IST" duration-ms="88">
      <class name="com.testNG.Grouping_Concept">
        <test-method signature="apple()[pri:0, instance:com.testNG.Grouping_Concept@22e357dc]" started-at="2022-03-14T07:05:50 IST" name="apple" finished-at="2022-03-14T07:05:50 IST" duration-ms="15" status="PASS">
          <reporter-output>
          </reporter-output>
        </test-method> <!-- apple -->
        <test-method signature="bike()[pri:0, instance:com.testNG.Grouping_Concept@22e357dc]" started-at="2022-03-14T07:05:50 IST" name="bike" finished-at="2022-03-14T07:05:50 IST" duration-ms="2" status="PASS">
          <reporter-output>
          </reporter-output>
        </test-method> <!-- bike -->
        <test-method signature="car()[pri:0, instance:com.testNG.Grouping_Concept@22e357dc]" started-at="2022-03-14T07:05:50 IST" name="car" finished-at="2022-03-14T07:05:50 IST" duration-ms="1" status="PASS">
          <reporter-output>
          </reporter-output>
        </test-method> <!-- car -->
        <test-method signature="carrot()[pri:0, instance:com.testNG.Grouping_Concept@22e357dc]" started-at="2022-03-14T07:05:50 IST" name="carrot" finished-at="2022-03-14T07:05:50 IST" duration-ms="0" status="PASS">
          <reporter-output>
          </reporter-output>
        </test-method> <!-- carrot -->
        <test-method signature="mango()[pri:0, instance:com.testNG.Grouping_Concept@22e357dc]" started-at="2022-03-14T07:05:50 IST" name="mango" finished-at="2022-03-14T07:05:50 IST" duration-ms="0" status="PASS">
          <reporter-output>
          </reporter-output>
        </test-method> <!-- mango -->
        <test-method signature="onion()[pri:0, instance:com.testNG.Grouping_Concept@22e357dc]" started-at="2022-03-14T07:05:50 IST" name="onion" finished-at="2022-03-14T07:05:50 IST" duration-ms="1" status="PASS">
          <reporter-output>
          </reporter-output>
        </test-method> <!-- onion -->
        <test-method signature="tomato()[pri:0, instance:com.testNG.Grouping_Concept@22e357dc]" started-at="2022-03-14T07:05:50 IST" name="tomato" finished-at="2022-03-14T07:05:50 IST" duration-ms="2" status="PASS">
          <reporter-output>
          </reporter-output>
        </test-method> <!-- tomato -->
      </class> <!-- com.testNG.Grouping_Concept -->
    </test> <!-- Default test -->
  </suite> <!-- Default suite -->
</testng-results>
